<?xml version="1.0" encoding="utf-8"?><testsuites name="pytest tests"><testsuite name="pytest" errors="0" failures="0" skipped="0" tests="143" time="91.311" timestamp="2026-09-10T14:01:09.275091+00:00" hostname="agent-env-84971ef4-e5bc-4239-8bc7-32d1bd48f043"><testcase classname="tests.test_iter10_kegs" name="test_kegs_list_seeded" time="0.548" /><testcase classname="tests.test_iter10_kegs" name="test_keg_create_new_blown_delete" time="0.433" /><testcase classname="tests.test_iter10_kegs" name="test_keg_auto_decrement_on_pay" time="0.375" /><testcase classname="tests.test_iter10_kegs" name="test_keg_blown_when_hits_zero" time="0.566" /><testcase classname="tests.test_iter10_kegs" name="test_prep_view_aggregates_across_tables" time="1.448" /><testcase classname="tests.test_iter10_kegs" name="test_reports_summary_shape" time="0.086" /><testcase classname="tests.test_iter10_kegs" name="test_full_order_lifecycle" time="0.341" /><testcase classname="tests.test_iter10_kegs" name="test_split_payment" time="0.261" /><testcase classname="tests.test_iter11_split" name="test_tables_list" time="0.468" /><testcase classname="tests.test_iter11_split" name="test_tables_filter_by_area" time="0.203" /><testcase classname="tests.test_iter11_split" name="test_tables_crud_lifecycle" time="0.739" /><testcase classname="tests.test_iter11_split" name="test_keg_pours_logged_and_returned" time="0.800" /><testcase classname="tests.test_iter11_split" name="test_keg_pours_missing_days_filled_with_zero" time="0.199" /><testcase classname="tests.test_iter11_split" name="test_prep_bump_all_bumps_across_tables" time="1.325" /><testcase classname="tests.test_iter11_split" name="test_prep_bump_all_unknown_product" time="0.073" /><testcase classname="tests.test_iter11_split" name="test_reports_summary" time="0.075" /><testcase classname="tests.test_iter11_split" name="test_order_lifecycle_split_payment" time="0.248" /><testcase classname="tests.test_iter11_split" name="test_pin_login" time="0.070" /><testcase classname="tests.test_iter12_combos" name="test_legacy_flat_combo_still_applies" time="1.502" /><testcase classname="tests.test_iter12_combos" name="test_advanced_slot_combo_persists" time="0.477" /><testcase classname="tests.test_iter12_combos" name="test_or_slot_semantics" time="0.944" /><testcase classname="tests.test_iter12_combos" name="test_and_slot_semantics" time="0.807" /><testcase classname="tests.test_iter12_combos" name="test_multi_slot_create_and_patch" time="0.663" /><testcase classname="tests.test_iter13_exclusivity" name="test_hh_line_skips_order_discount_and_combos" time="0.000" /><testcase classname="tests.test_iter13_exclusivity" name="test_combo_locks_lines_from_manual_discount" time="0.000" /><testcase classname="tests.test_iter13_exclusivity" name="test_two_overlapping_combos_only_best_wins" time="0.000" /><testcase classname="tests.test_iter13_exclusivity" name="test_no_promotion_no_lock" time="0.000" /><testcase classname="tests.test_iter13_exclusivity" name="test_cash_discount_capped_to_unlocked_subtotal" time="0.000" /><testcase classname="tests.test_iter13_orders_router" name="test_orders_list" time="0.490" /><testcase classname="tests.test_iter13_orders_router" name="test_tables_list" time="0.090" /><testcase classname="tests.test_iter13_orders_router" name="test_kegs_list" time="0.108" /><testcase classname="tests.test_iter13_orders_router" name="test_create_order_hh_line_excludes_order_discount" time="0.208" /><testcase classname="tests.test_iter13_orders_router" name="test_create_order_with_combo_lock" time="0.301" /><testcase classname="tests.test_iter13_orders_router" name="test_two_overlapping_combos_only_best" time="0.603" /><testcase classname="tests.test_iter13_orders_router" name="test_patch_order_recomputes_totals" time="0.253" /><testcase classname="tests.test_iter13_orders_router" name="test_bump_fire_pay_flow" time="0.580" /><testcase classname="tests.test_iter14_features" name="test_scheduled_combo_out_of_window_not_applied" time="1.011" /><testcase classname="tests.test_iter14_features" name="test_auto_close_non_manager_forbidden" time="0.492" /><testcase classname="tests.test_iter14_features" name="test_auto_close_admin_closes_all_open" time="0.627" /><testcase classname="tests.test_iter14_features" name="test_merge_orders" time="0.574" /><testcase classname="tests.test_iter14_features" name="test_move_line_same_order_and_cross" time="0.900" /><testcase classname="tests.test_iter14_features" name="test_seeded_combos_present" time="0.106" /><testcase classname="tests.test_iter17_features.TestComboHints" name="test_combo_hints_flow" time="0.960" /><testcase classname="tests.test_iter17_features.TestSubstitutes" name="test_substitutes_when_86d" time="0.265" /><testcase classname="tests.test_iter17_features.TestDelivery" name="test_simulate_and_inbox" time="0.195" /><testcase classname="tests.test_iter17_features.TestDelivery" name="test_ingest_manual" time="0.102" /><testcase classname="tests.test_iter17_features.TestPreauth" name="test_preauth_basic" time="0.096" /><testcase classname="tests.test_iter17_features.TestPreauth" name="test_preauth_invalid_last4" time="0.085" /><testcase classname="tests.test_iter17_features.TestPreauth" name="test_preauth_with_table" time="0.268" /><testcase classname="tests.test_iter25_loyalty" name="test_tiers_returns_4_correct_ladder" time="0.615" /><testcase classname="tests.test_iter25_loyalty" name="test_summary_structure" time="0.290" /><testcase classname="tests.test_iter25_loyalty" name="test_spin_once_then_cooldown_400" time="0.342" /><testcase classname="tests.test_iter25_loyalty" name="test_paying_order_upgrades_tier_and_adds_stamp" time="0.533" /><testcase classname="tests.test_iter25_loyalty" name="test_stamp_card_voucher_issued_at_goal" time="0.530" /><testcase classname="tests.test_iter25_loyalty" name="test_voucher_redeem_applies_cash_discount" time="0.832" /><testcase classname="tests.test_iter25_loyalty" name="test_zzz_cleanup" time="0.001" /><testcase classname="tests.test_iter27_loyalty" name="test_signup_bonus_and_voucher" time="0.579" /><testcase classname="tests.test_iter27_loyalty" name="test_referral_first_order_bonus" time="1.568" /><testcase classname="tests.test_iter27_loyalty" name="test_happy_hour_points_boost" time="0.753" /><testcase classname="tests.test_iter27_loyalty" name="test_visit_streak_bonus" time="1.078" /><testcase classname="tests.test_iter27_loyalty" name="test_feedback_voucher_and_dupe" time="0.612" /><testcase classname="tests.test_iter27_loyalty" name="test_birth_month_persists" time="0.218" /><testcase classname="tests.test_iter27_loyalty" name="test_social_share_award_and_dupe" time="0.486" /><testcase classname="tests.test_iter29_inventory.TestUnits" name="test_list_units_seeded" time="0.605" /><testcase classname="tests.test_iter29_inventory.TestUnits" name="test_create_and_delete_custom_unit" time="0.635" /><testcase classname="tests.test_iter29_inventory.TestUnits" name="test_duplicate_seed_ml_rejected" time="0.228" /><testcase classname="tests.test_iter29_inventory.TestItems" name="test_list_seeded_items" time="0.222" /><testcase classname="tests.test_iter29_inventory.TestItems" name="test_summary" time="0.183" /><testcase classname="tests.test_iter29_inventory.TestItems" name="test_item_create_update_delete" time="0.683" /><testcase classname="tests.test_iter29_inventory.TestAdjustments" name="test_restock_waste_stocktake_flow" time="0.925" /><testcase classname="tests.test_iter29_inventory.TestAdjustments" name="test_stocktake_requires_new_stock" time="0.540" /><testcase classname="tests.test_iter29_inventory.TestAdjustments" name="test_zero_qty_non_stocktake_rejected" time="0.427" /><testcase classname="tests.test_iter29_inventory.TestRecipes" name="test_list_seeded_recipes" time="0.161" /><testcase classname="tests.test_iter29_inventory.TestAutoDeduction" name="test_old_fashioned_deducts_bourbon_50ml" time="1.421" /><testcase classname="tests.test_iter29_inventory.TestAutoDeduction" name="test_double_variant_scales_2x" time="1.320" /><testcase classname="tests.test_iter29_inventory.TestRoleGating" name="test_server_cannot_create_unit" time="0.530" /><testcase classname="tests.test_iter29_inventory.TestRoleGating" name="test_server_cannot_create_item" time="0.312" /><testcase classname="tests.test_iter29_inventory.TestRoleGating" name="test_server_can_view_stock" time="0.136" /><testcase classname="tests.test_iter29_inventory.TestRoleGating" name="test_server_can_adjust_stock" time="0.298" /><testcase classname="tests.test_iter30_inventory_v2.TestAuto86" name="test_waste_out_angostura_86s_old_fashioned" time="2.207" /><testcase classname="tests.test_iter30_inventory_v2.TestAuto86" name="test_waste_negative_qty_also_subtracts" time="0.332" /><testcase classname="tests.test_iter30_inventory_v2.TestPurchaseOrders" name="test_create_receive_flow" time="1.615" /><testcase classname="tests.test_iter30_inventory_v2.TestPurchaseOrders" name="test_cancel_po" time="0.693" /><testcase classname="tests.test_iter30_inventory_v2.TestPurchaseOrders" name="test_empty_lines_rejected" time="0.164" /><testcase classname="tests.test_iter30_inventory_v2.TestStocktakeSession" name="test_full_flow" time="1.946" /><testcase classname="tests.test_iter30_inventory_v2.TestAnalytics" name="test_analytics_shape" time="0.136" /><testcase classname="tests.test_iter30_inventory_v2.TestKegInventoryBridge" name="test_draught_items_seeded" time="0.447" /><testcase classname="tests.test_iter30_inventory_v2.TestKegInventoryBridge" name="test_kegs_linked" time="0.160" /><testcase classname="tests.test_iter30_inventory_v2.TestKegInventoryBridge" name="test_pour_deducts_and_install_restocks" time="2.711" /><testcase classname="tests.test_iter30_inventory_v2.TestSignNormalisation" name="test_positive_waste_becomes_negative" time="2.274" /><testcase classname="tests.test_iter30_inventory_v2.TestSignNormalisation" name="test_negative_restock_becomes_positive" time="0.534" /><testcase classname="tests.test_iter8_fixes" name="test_login" time="0.391" /><testcase classname="tests.test_iter8_fixes" name="test_pay_422_invalid_method_returns_readable_detail" time="1.350" /><testcase classname="tests.test_iter8_fixes" name="test_kds_returns_product_id" time="1.030" /><testcase classname="tests.test_iter8_fixes" name="test_kds_86_flow_hides_from_public_menu" time="1.037" /><testcase classname="tests.test_iter9_reports" name="test_reports_summary_shape" time="0.468" /><testcase classname="tests.test_iter9_reports" name="test_pay_octopus_and_fps_qr" time="1.163" /><testcase classname="tests.test_iter9_reports" name="test_reports_revenue_matches_paid_totals" time="0.836" /><testcase classname="tests.test_iter9_reports" name="test_kds_has_product_id" time="0.439" /><testcase classname="tests.test_iteration2.TestHappyHourActive" name="test_active_returns_shape" time="0.533" /><testcase classname="tests.test_iteration2.TestHappyHourActive" name="test_only_matching_rules_returned" time="1.580" /><testcase classname="tests.test_iteration2.TestHappyHourActive" name="test_cross_midnight_rule" time="0.670" /><testcase classname="tests.test_iteration2.TestPatchEndpoints" name="test_patch_happy_hour" time="0.432" /><testcase classname="tests.test_iteration2.TestPatchEndpoints" name="test_patch_category" time="0.585" /><testcase classname="tests.test_iteration2.TestSplitPayment" name="test_split_insufficient_returns_400" time="0.500" /><testcase classname="tests.test_iteration2.TestSplitPayment" name="test_split_success" time="0.537" /><testcase classname="tests.test_iteration2.TestSplitPayment" name="test_split_overpay_change" time="0.673" /><testcase classname="tests.test_iteration3.TestKDS" name="test_kds_shows_fired_lines_and_station_filter" time="1.743" /><testcase classname="tests.test_iteration3.TestKDS" name="test_bump_out_of_range_returns_400" time="1.001" /><testcase classname="tests.test_iteration3.TestShifts" name="test_clock_in_idempotent" time="1.139" /><testcase classname="tests.test_iteration3.TestShifts" name="test_current_reflects_paid_order" time="1.643" /><testcase classname="tests.test_iteration3.TestShifts" name="test_shifts_list_role_scoping" time="0.935" /><testcase classname="tests.test_iteration3.TestReservations" name="test_reservation_lifecycle" time="1.142" /><testcase classname="tests.test_iteration3.TestReservations" name="test_cancel_reservation" time="0.718" /><testcase classname="tests.test_iteration3.TestReservations" name="test_reserve_occupied_returns_400" time="0.948" /><testcase classname="tests.test_iteration4.TestPublicMenu" name="test_public_menu_no_auth" time="0.668" /><testcase classname="tests.test_iteration4.TestPublicMenu" name="test_public_menu_404" time="1.143" /><testcase classname="tests.test_iteration4.TestPublicMenu" name="test_public_menu_bad_id" time="0.159" /><testcase classname="tests.test_iteration4.TestPinVerify" name="test_wrong_pin" time="0.153" /><testcase classname="tests.test_iteration4.TestPinVerify" name="test_valid_pin_wrong_role" time="0.147" /><testcase classname="tests.test_iteration4.TestPinVerify" name="test_manager_pin_ok" time="0.128" /><testcase classname="tests.test_iteration4.TestPinVerify" name="test_admin_pin_ok" time="0.199" /><testcase classname="tests.test_iteration4.TestWaitlist" name="test_full_flow" time="0.947" /><testcase classname="tests.test_iteration4.TestWaitlist" name="test_cancel_removes" time="0.506" /><testcase classname="tests.test_iteration4.TestCombos" name="test_crud_and_engine" time="1.872" /><testcase classname="tests.test_iteration5.TestComputeTotalsDefaults" name="test_empty_lines_zero_everything" time="0.663" /><testcase classname="tests.test_iteration5.TestComputeTotalsDefaults" name="test_discount_type_none_leaves_discount_zero" time="0.483" /><testcase classname="tests.test_iteration5.TestPayOrderWalletChange" name="test_pay_wallet_returns_change_zero" time="0.600" /><testcase classname="tests.test_iteration5.TestPayOrderWalletChange" name="test_pay_card_change_zero" time="0.637" /><testcase classname="tests.test_iteration5.TestPublicMenuTInit" name="test_public_menu_bad_oid_returns_404_not_500" time="0.202" /><testcase classname="tests.test_iteration5.TestPublicMenuTInit" name="test_public_menu_missing_oid_returns_404" time="0.159" /><testcase classname="tests.test_iteration5.TestPublicMenuTInit" name="test_public_menu_valid_table_returns_200" time="0.257" /><testcase classname="tests.test_iteration6.TestEightySix" name="test_toggle_on_then_off_and_public_menu_hides" time="1.545" /><testcase classname="tests.test_iteration6.TestMultiTierHH" name="test_two_concurrent_rules_both_active_pick_max_percent" time="1.120" /><testcase classname="tests.test_iteration6.TestHKPayments" name="test_pay_method[cash]" time="0.727" /><testcase classname="tests.test_iteration6.TestHKPayments" name="test_pay_method[card]" time="1.095" /><testcase classname="tests.test_iteration6.TestHKPayments" name="test_pay_method[octopus]" time="0.677" /><testcase classname="tests.test_iteration6.TestHKPayments" name="test_pay_method[fps_qr]" time="0.593" /><testcase classname="tests.test_iteration6.TestHKPayments" name="test_pay_method[alipayhk]" time="0.649" /><testcase classname="tests.test_iteration6.TestHKPayments" name="test_pay_method[wechatpay_hk]" time="0.858" /><testcase classname="tests.test_iteration6.TestHKPayments" name="test_pay_method[payme]" time="0.674" /><testcase classname="tests.test_iteration6.TestHKPayments" name="test_pay_method[unionpay]" time="0.580" /><testcase classname="tests.test_iteration6.TestHKPayments" name="test_pay_split_with_hk_methods" time="0.723" /></testsuite></testsuites>