<?xml version="1.0" encoding="utf-8"?><testsuites name="pytest tests"><testsuite name="pytest" errors="0" failures="1" skipped="0" tests="143" time="100.084" timestamp="2026-09-10T13:58:50.886658+00:00" hostname="agent-env-84971ef4-e5bc-4239-8bc7-32d1bd48f043"><testcase classname="tests.test_iter10_kegs" name="test_kegs_list_seeded" time="0.482"><failure message="AssertionError: pct_remaining=100.0&#10;assert 100.0 &lt;= 10">E   AssertionError: pct_remaining=100.0
    assert 100.0 &lt;= 10</failure></testcase><testcase classname="tests.test_iter10_kegs" name="test_keg_create_new_blown_delete" time="0.412" /><testcase classname="tests.test_iter10_kegs" name="test_keg_auto_decrement_on_pay" time="0.328" /><testcase classname="tests.test_iter10_kegs" name="test_keg_blown_when_hits_zero" time="0.507" /><testcase classname="tests.test_iter10_kegs" name="test_prep_view_aggregates_across_tables" time="1.328" /><testcase classname="tests.test_iter10_kegs" name="test_reports_summary_shape" time="0.099" /><testcase classname="tests.test_iter10_kegs" name="test_full_order_lifecycle" time="0.332" /><testcase classname="tests.test_iter10_kegs" name="test_split_payment" time="0.231" /><testcase classname="tests.test_iter11_split" name="test_tables_list" time="0.426" /><testcase classname="tests.test_iter11_split" name="test_tables_filter_by_area" time="0.144" /><testcase classname="tests.test_iter11_split" name="test_tables_crud_lifecycle" time="0.617" /><testcase classname="tests.test_iter11_split" name="test_keg_pours_logged_and_returned" time="0.714" /><testcase classname="tests.test_iter11_split" name="test_keg_pours_missing_days_filled_with_zero" time="0.149" /><testcase classname="tests.test_iter11_split" name="test_prep_bump_all_bumps_across_tables" time="1.242" /><testcase classname="tests.test_iter11_split" name="test_prep_bump_all_unknown_product" time="0.086" /><testcase classname="tests.test_iter11_split" name="test_reports_summary" time="0.077" /><testcase classname="tests.test_iter11_split" name="test_order_lifecycle_split_payment" time="0.240" /><testcase classname="tests.test_iter11_split" name="test_pin_login" time="0.071" /><testcase classname="tests.test_iter12_combos" name="test_legacy_flat_combo_still_applies" time="1.126" /><testcase classname="tests.test_iter12_combos" name="test_advanced_slot_combo_persists" time="0.371" /><testcase classname="tests.test_iter12_combos" name="test_or_slot_semantics" time="0.666" /><testcase classname="tests.test_iter12_combos" name="test_and_slot_semantics" time="0.619" /><testcase classname="tests.test_iter12_combos" name="test_multi_slot_create_and_patch" time="0.534" /><testcase classname="tests.test_iter13_exclusivity" name="test_hh_line_skips_order_discount_and_combos" time="0.000" /><testcase classname="tests.test_iter13_exclusivity" name="test_combo_locks_lines_from_manual_discount" time="0.000" /><testcase classname="tests.test_iter13_exclusivity" name="test_two_overlapping_combos_only_best_wins" time="0.000" /><testcase classname="tests.test_iter13_exclusivity" name="test_no_promotion_no_lock" time="0.000" /><testcase classname="tests.test_iter13_exclusivity" name="test_cash_discount_capped_to_unlocked_subtotal" time="0.000" /><testcase classname="tests.test_iter13_orders_router" name="test_orders_list" time="0.535" /><testcase classname="tests.test_iter13_orders_router" name="test_tables_list" time="0.111" /><testcase classname="tests.test_iter13_orders_router" name="test_kegs_list" time="0.121" /><testcase classname="tests.test_iter13_orders_router" name="test_create_order_hh_line_excludes_order_discount" time="0.192" /><testcase classname="tests.test_iter13_orders_router" name="test_create_order_with_combo_lock" time="0.285" /><testcase classname="tests.test_iter13_orders_router" name="test_two_overlapping_combos_only_best" time="0.450" /><testcase classname="tests.test_iter13_orders_router" name="test_patch_order_recomputes_totals" time="0.193" /><testcase classname="tests.test_iter13_orders_router" name="test_bump_fire_pay_flow" time="0.482" /><testcase classname="tests.test_iter14_features" name="test_scheduled_combo_out_of_window_not_applied" time="0.847" /><testcase classname="tests.test_iter14_features" name="test_auto_close_non_manager_forbidden" time="0.482" /><testcase classname="tests.test_iter14_features" name="test_auto_close_admin_closes_all_open" time="0.490" /><testcase classname="tests.test_iter14_features" name="test_merge_orders" time="0.538" /><testcase classname="tests.test_iter14_features" name="test_move_line_same_order_and_cross" time="0.713" /><testcase classname="tests.test_iter14_features" name="test_seeded_combos_present" time="0.073" /><testcase classname="tests.test_iter17_features.TestComboHints" name="test_combo_hints_flow" time="0.814" /><testcase classname="tests.test_iter17_features.TestSubstitutes" name="test_substitutes_when_86d" time="0.249" /><testcase classname="tests.test_iter17_features.TestDelivery" name="test_simulate_and_inbox" time="0.169" /><testcase classname="tests.test_iter17_features.TestDelivery" name="test_ingest_manual" time="0.084" /><testcase classname="tests.test_iter17_features.TestPreauth" name="test_preauth_basic" time="0.088" /><testcase classname="tests.test_iter17_features.TestPreauth" name="test_preauth_invalid_last4" time="0.081" /><testcase classname="tests.test_iter17_features.TestPreauth" name="test_preauth_with_table" time="0.238" /><testcase classname="tests.test_iter25_loyalty" name="test_tiers_returns_4_correct_ladder" time="0.506" /><testcase classname="tests.test_iter25_loyalty" name="test_summary_structure" time="0.171" /><testcase classname="tests.test_iter25_loyalty" name="test_spin_once_then_cooldown_400" time="0.308" /><testcase classname="tests.test_iter25_loyalty" name="test_paying_order_upgrades_tier_and_adds_stamp" time="0.352" /><testcase classname="tests.test_iter25_loyalty" name="test_stamp_card_voucher_issued_at_goal" time="0.338" /><testcase classname="tests.test_iter25_loyalty" name="test_voucher_redeem_applies_cash_discount" time="0.336" /><testcase classname="tests.test_iter25_loyalty" name="test_zzz_cleanup" time="0.001" /><testcase classname="tests.test_iter27_loyalty" name="test_signup_bonus_and_voucher" time="0.558" /><testcase classname="tests.test_iter27_loyalty" name="test_referral_first_order_bonus" time="1.009" /><testcase classname="tests.test_iter27_loyalty" name="test_happy_hour_points_boost" time="0.596" /><testcase classname="tests.test_iter27_loyalty" name="test_visit_streak_bonus" time="0.863" /><testcase classname="tests.test_iter27_loyalty" name="test_feedback_voucher_and_dupe" time="0.250" /><testcase classname="tests.test_iter27_loyalty" name="test_birth_month_persists" time="0.166" /><testcase classname="tests.test_iter27_loyalty" name="test_social_share_award_and_dupe" time="0.419" /><testcase classname="tests.test_iter29_inventory.TestUnits" name="test_list_units_seeded" time="0.583" /><testcase classname="tests.test_iter29_inventory.TestUnits" name="test_create_and_delete_custom_unit" time="0.690" /><testcase classname="tests.test_iter29_inventory.TestUnits" name="test_duplicate_seed_ml_rejected" time="0.179" /><testcase classname="tests.test_iter29_inventory.TestItems" name="test_list_seeded_items" time="0.188" /><testcase classname="tests.test_iter29_inventory.TestItems" name="test_summary" time="0.124" /><testcase classname="tests.test_iter29_inventory.TestItems" name="test_item_create_update_delete" time="0.606" /><testcase classname="tests.test_iter29_inventory.TestAdjustments" name="test_restock_waste_stocktake_flow" time="0.876" /><testcase classname="tests.test_iter29_inventory.TestAdjustments" name="test_stocktake_requires_new_stock" time="0.299" /><testcase classname="tests.test_iter29_inventory.TestAdjustments" name="test_zero_qty_non_stocktake_rejected" time="0.289" /><testcase classname="tests.test_iter29_inventory.TestRecipes" name="test_list_seeded_recipes" time="0.156" /><testcase classname="tests.test_iter29_inventory.TestAutoDeduction" name="test_old_fashioned_deducts_bourbon_50ml" time="1.426" /><testcase classname="tests.test_iter29_inventory.TestAutoDeduction" name="test_double_variant_scales_2x" time="1.240" /><testcase classname="tests.test_iter29_inventory.TestRoleGating" name="test_server_cannot_create_unit" time="0.489" /><testcase classname="tests.test_iter29_inventory.TestRoleGating" name="test_server_cannot_create_item" time="0.335" /><testcase classname="tests.test_iter29_inventory.TestRoleGating" name="test_server_can_view_stock" time="0.146" /><testcase classname="tests.test_iter29_inventory.TestRoleGating" name="test_server_can_adjust_stock" time="0.290" /><testcase classname="tests.test_iter30_inventory_v2.TestAuto86" name="test_waste_out_angostura_86s_old_fashioned" time="1.850" /><testcase classname="tests.test_iter30_inventory_v2.TestAuto86" name="test_waste_negative_qty_also_subtracts" time="0.283" /><testcase classname="tests.test_iter30_inventory_v2.TestPurchaseOrders" name="test_create_receive_flow" time="1.323" /><testcase classname="tests.test_iter30_inventory_v2.TestPurchaseOrders" name="test_cancel_po" time="0.761" /><testcase classname="tests.test_iter30_inventory_v2.TestPurchaseOrders" name="test_empty_lines_rejected" time="0.179" /><testcase classname="tests.test_iter30_inventory_v2.TestStocktakeSession" name="test_full_flow" time="2.942" /><testcase classname="tests.test_iter30_inventory_v2.TestAnalytics" name="test_analytics_shape" time="0.134" /><testcase classname="tests.test_iter30_inventory_v2.TestKegInventoryBridge" name="test_draught_items_seeded" time="0.398" /><testcase classname="tests.test_iter30_inventory_v2.TestKegInventoryBridge" name="test_kegs_linked" time="0.187" /><testcase classname="tests.test_iter30_inventory_v2.TestKegInventoryBridge" name="test_pour_deducts_and_install_restocks" time="2.597" /><testcase classname="tests.test_iter30_inventory_v2.TestSignNormalisation" name="test_positive_waste_becomes_negative" time="0.485" /><testcase classname="tests.test_iter30_inventory_v2.TestSignNormalisation" name="test_negative_restock_becomes_positive" time="0.313" /><testcase classname="tests.test_iter8_fixes" name="test_login" time="0.396" /><testcase classname="tests.test_iter8_fixes" name="test_pay_422_invalid_method_returns_readable_detail" time="0.683" /><testcase classname="tests.test_iter8_fixes" name="test_kds_returns_product_id" time="0.591" /><testcase classname="tests.test_iter8_fixes" name="test_kds_86_flow_hides_from_public_menu" time="1.112" /><testcase classname="tests.test_iter9_reports" name="test_reports_summary_shape" time="0.475" /><testcase classname="tests.test_iter9_reports" name="test_pay_octopus_and_fps_qr" time="1.174" /><testcase classname="tests.test_iter9_reports" name="test_reports_revenue_matches_paid_totals" time="0.920" /><testcase classname="tests.test_iter9_reports" name="test_kds_has_product_id" time="0.509" /><testcase classname="tests.test_iteration2.TestHappyHourActive" name="test_active_returns_shape" time="0.541" /><testcase classname="tests.test_iteration2.TestHappyHourActive" name="test_only_matching_rules_returned" time="1.259" /><testcase classname="tests.test_iteration2.TestHappyHourActive" name="test_cross_midnight_rule" time="0.572" /><testcase classname="tests.test_iteration2.TestPatchEndpoints" name="test_patch_happy_hour" time="0.482" /><testcase classname="tests.test_iteration2.TestPatchEndpoints" name="test_patch_category" time="0.494" /><testcase classname="tests.test_iteration2.TestSplitPayment" name="test_split_insufficient_returns_400" time="0.428" /><testcase classname="tests.test_iteration2.TestSplitPayment" name="test_split_success" time="0.519" /><testcase classname="tests.test_iteration2.TestSplitPayment" name="test_split_overpay_change" time="0.432" /><testcase classname="tests.test_iteration3.TestKDS" name="test_kds_shows_fired_lines_and_station_filter" time="1.557" /><testcase classname="tests.test_iteration3.TestKDS" name="test_bump_out_of_range_returns_400" time="1.030" /><testcase classname="tests.test_iteration3.TestShifts" name="test_clock_in_idempotent" time="0.972" /><testcase classname="tests.test_iteration3.TestShifts" name="test_current_reflects_paid_order" time="1.335" /><testcase classname="tests.test_iteration3.TestShifts" name="test_shifts_list_role_scoping" time="0.822" /><testcase classname="tests.test_iteration3.TestReservations" name="test_reservation_lifecycle" time="1.036" /><testcase classname="tests.test_iteration3.TestReservations" name="test_cancel_reservation" time="0.606" /><testcase classname="tests.test_iteration3.TestReservations" name="test_reserve_occupied_returns_400" time="1.005" /><testcase classname="tests.test_iteration4.TestPublicMenu" name="test_public_menu_no_auth" time="0.723" /><testcase classname="tests.test_iteration4.TestPublicMenu" name="test_public_menu_404" time="0.127" /><testcase classname="tests.test_iteration4.TestPublicMenu" name="test_public_menu_bad_id" time="0.209" /><testcase classname="tests.test_iteration4.TestPinVerify" name="test_wrong_pin" time="0.125" /><testcase classname="tests.test_iteration4.TestPinVerify" name="test_valid_pin_wrong_role" time="0.173" /><testcase classname="tests.test_iteration4.TestPinVerify" name="test_manager_pin_ok" time="0.131" /><testcase classname="tests.test_iteration4.TestPinVerify" name="test_admin_pin_ok" time="0.169" /><testcase classname="tests.test_iteration4.TestWaitlist" name="test_full_flow" time="0.971" /><testcase classname="tests.test_iteration4.TestWaitlist" name="test_cancel_removes" time="0.493" /><testcase classname="tests.test_iteration4.TestCombos" name="test_crud_and_engine" time="1.898" /><testcase classname="tests.test_iteration5.TestComputeTotalsDefaults" name="test_empty_lines_zero_everything" time="0.690" /><testcase classname="tests.test_iteration5.TestComputeTotalsDefaults" name="test_discount_type_none_leaves_discount_zero" time="0.483" /><testcase classname="tests.test_iteration5.TestPayOrderWalletChange" name="test_pay_wallet_returns_change_zero" time="0.544" /><testcase classname="tests.test_iteration5.TestPayOrderWalletChange" name="test_pay_card_change_zero" time="0.631" /><testcase classname="tests.test_iteration5.TestPublicMenuTInit" name="test_public_menu_bad_oid_returns_404_not_500" time="0.192" /><testcase classname="tests.test_iteration5.TestPublicMenuTInit" name="test_public_menu_missing_oid_returns_404" time="0.156" /><testcase classname="tests.test_iteration5.TestPublicMenuTInit" name="test_public_menu_valid_table_returns_200" time="0.313" /><testcase classname="tests.test_iteration6.TestEightySix" name="test_toggle_on_then_off_and_public_menu_hides" time="1.812" /><testcase classname="tests.test_iteration6.TestMultiTierHH" name="test_two_concurrent_rules_both_active_pick_max_percent" time="1.646" /><testcase classname="tests.test_iteration6.TestHKPayments" name="test_pay_method[cash]" time="0.657" /><testcase classname="tests.test_iteration6.TestHKPayments" name="test_pay_method[card]" time="0.737" /><testcase classname="tests.test_iteration6.TestHKPayments" name="test_pay_method[octopus]" time="0.591" /><testcase classname="tests.test_iteration6.TestHKPayments" name="test_pay_method[fps_qr]" time="0.683" /><testcase classname="tests.test_iteration6.TestHKPayments" name="test_pay_method[alipayhk]" time="0.685" /><testcase classname="tests.test_iteration6.TestHKPayments" name="test_pay_method[wechatpay_hk]" time="0.633" /><testcase classname="tests.test_iteration6.TestHKPayments" name="test_pay_method[payme]" time="0.644" /><testcase classname="tests.test_iteration6.TestHKPayments" name="test_pay_method[unionpay]" time="20.558" /><testcase classname="tests.test_iteration6.TestHKPayments" name="test_pay_split_with_hk_methods" time="0.760" /></testsuite></testsuites>