<?xml version="1.0" encoding="utf-8"?><testsuites name="pytest tests"><testsuite name="pytest" errors="0" failures="0" skipped="0" tests="12" time="12.171" timestamp="2026-09-10T13:58:33.494529+00:00" hostname="agent-env-84971ef4-e5bc-4239-8bc7-32d1bd48f043"><testcase classname="tests.test_iter30_inventory_v2.TestAuto86" name="test_waste_out_angostura_86s_old_fashioned" time="2.497" /><testcase classname="tests.test_iter30_inventory_v2.TestAuto86" name="test_waste_negative_qty_also_subtracts" time="0.336" /><testcase classname="tests.test_iter30_inventory_v2.TestPurchaseOrders" name="test_create_receive_flow" time="2.031" /><testcase classname="tests.test_iter30_inventory_v2.TestPurchaseOrders" name="test_cancel_po" time="1.472" /><testcase classname="tests.test_iter30_inventory_v2.TestPurchaseOrders" name="test_empty_lines_rejected" time="0.145" /><testcase classname="tests.test_iter30_inventory_v2.TestStocktakeSession" name="test_full_flow" time="1.823" /><testcase classname="tests.test_iter30_inventory_v2.TestAnalytics" name="test_analytics_shape" time="0.133" /><testcase classname="tests.test_iter30_inventory_v2.TestKegInventoryBridge" name="test_draught_items_seeded" time="0.435" /><testcase classname="tests.test_iter30_inventory_v2.TestKegInventoryBridge" name="test_kegs_linked" time="0.186" /><testcase classname="tests.test_iter30_inventory_v2.TestKegInventoryBridge" name="test_pour_deducts_and_install_restocks" time="2.396" /><testcase classname="tests.test_iter30_inventory_v2.TestSignNormalisation" name="test_positive_waste_becomes_negative" time="0.329" /><testcase classname="tests.test_iter30_inventory_v2.TestSignNormalisation" name="test_negative_restock_becomes_positive" time="0.305" /></testsuite></testsuites>