<?xml version="1.0" encoding="utf-8"?><testsuites name="pytest tests"><testsuite name="pytest" errors="0" failures="0" skipped="0" tests="143" time="78.637" timestamp="2026-09-10T15:56:43.200029+00:00" hostname="agent-env-84971ef4-e5bc-4239-8bc7-32d1bd48f043"><testcase classname="tests.test_iter10_kegs" name="test_kegs_list_seeded" time="0.631" /><testcase classname="tests.test_iter10_kegs" name="test_keg_create_new_blown_delete" time="0.558" /><testcase classname="tests.test_iter10_kegs" name="test_keg_auto_decrement_on_pay" time="0.502" /><testcase classname="tests.test_iter10_kegs" name="test_keg_blown_when_hits_zero" time="0.605" /><testcase classname="tests.test_iter10_kegs" name="test_prep_view_aggregates_across_tables" time="1.490" /><testcase classname="tests.test_iter10_kegs" name="test_reports_summary_shape" time="0.110" /><testcase classname="tests.test_iter10_kegs" name="test_full_order_lifecycle" time="0.405" /><testcase classname="tests.test_iter10_kegs" name="test_split_payment" time="0.281" /><testcase classname="tests.test_iter11_split" name="test_tables_list" time="0.435" /><testcase classname="tests.test_iter11_split" name="test_tables_filter_by_area" time="0.149" /><testcase classname="tests.test_iter11_split" name="test_tables_crud_lifecycle" time="0.566" /><testcase classname="tests.test_iter11_split" name="test_keg_pours_logged_and_returned" time="0.666" /><testcase classname="tests.test_iter11_split" name="test_keg_pours_missing_days_filled_with_zero" time="0.146" /><testcase classname="tests.test_iter11_split" name="test_prep_bump_all_bumps_across_tables" time="1.188" /><testcase classname="tests.test_iter11_split" name="test_prep_bump_all_unknown_product" time="0.072" /><testcase classname="tests.test_iter11_split" name="test_reports_summary" time="0.075" /><testcase classname="tests.test_iter11_split" name="test_order_lifecycle_split_payment" time="0.214" /><testcase classname="tests.test_iter11_split" name="test_pin_login" time="0.070" /><testcase classname="tests.test_iter12_combos" name="test_legacy_flat_combo_still_applies" time="0.906" /><testcase classname="tests.test_iter12_combos" name="test_advanced_slot_combo_persists" time="0.334" /><testcase classname="tests.test_iter12_combos" name="test_or_slot_semantics" time="0.668" /><testcase classname="tests.test_iter12_combos" name="test_and_slot_semantics" time="0.635" /><testcase classname="tests.test_iter12_combos" name="test_multi_slot_create_and_patch" time="0.536" /><testcase classname="tests.test_iter13_exclusivity" name="test_hh_line_skips_order_discount_and_combos" time="0.000" /><testcase classname="tests.test_iter13_exclusivity" name="test_combo_locks_lines_from_manual_discount" time="0.000" /><testcase classname="tests.test_iter13_exclusivity" name="test_two_overlapping_combos_only_best_wins" time="0.000" /><testcase classname="tests.test_iter13_exclusivity" name="test_no_promotion_no_lock" time="0.000" /><testcase classname="tests.test_iter13_exclusivity" name="test_cash_discount_capped_to_unlocked_subtotal" time="0.000" /><testcase classname="tests.test_iter13_orders_router" name="test_orders_list" time="0.528" /><testcase classname="tests.test_iter13_orders_router" name="test_tables_list" time="0.102" /><testcase classname="tests.test_iter13_orders_router" name="test_kegs_list" time="0.111" /><testcase classname="tests.test_iter13_orders_router" name="test_create_order_hh_line_excludes_order_discount" time="0.210" /><testcase classname="tests.test_iter13_orders_router" name="test_create_order_with_combo_lock" time="0.402" /><testcase classname="tests.test_iter13_orders_router" name="test_two_overlapping_combos_only_best" time="0.530" /><testcase classname="tests.test_iter13_orders_router" name="test_patch_order_recomputes_totals" time="0.208" /><testcase classname="tests.test_iter13_orders_router" name="test_bump_fire_pay_flow" time="0.567" /><testcase classname="tests.test_iter14_features" name="test_scheduled_combo_out_of_window_not_applied" time="0.758" /><testcase classname="tests.test_iter14_features" name="test_auto_close_non_manager_forbidden" time="0.534" /><testcase classname="tests.test_iter14_features" name="test_auto_close_admin_closes_all_open" time="0.428" /><testcase classname="tests.test_iter14_features" name="test_merge_orders" time="0.388" /><testcase classname="tests.test_iter14_features" name="test_move_line_same_order_and_cross" time="0.591" /><testcase classname="tests.test_iter14_features" name="test_seeded_combos_present" time="0.066" /><testcase classname="tests.test_iter17_features.TestComboHints" name="test_combo_hints_flow" time="1.096" /><testcase classname="tests.test_iter17_features.TestSubstitutes" name="test_substitutes_when_86d" time="0.361" /><testcase classname="tests.test_iter17_features.TestDelivery" name="test_simulate_and_inbox" time="0.206" /><testcase classname="tests.test_iter17_features.TestDelivery" name="test_ingest_manual" time="0.097" /><testcase classname="tests.test_iter17_features.TestPreauth" name="test_preauth_basic" time="0.096" /><testcase classname="tests.test_iter17_features.TestPreauth" name="test_preauth_invalid_last4" time="0.089" /><testcase classname="tests.test_iter17_features.TestPreauth" name="test_preauth_with_table" time="0.306" /><testcase classname="tests.test_iter25_loyalty" name="test_tiers_returns_4_correct_ladder" time="0.493" /><testcase classname="tests.test_iter25_loyalty" name="test_summary_structure" time="0.176" /><testcase classname="tests.test_iter25_loyalty" name="test_spin_once_then_cooldown_400" time="0.242" /><testcase classname="tests.test_iter25_loyalty" name="test_paying_order_upgrades_tier_and_adds_stamp" time="0.351" /><testcase classname="tests.test_iter25_loyalty" name="test_stamp_card_voucher_issued_at_goal" time="0.351" /><testcase classname="tests.test_iter25_loyalty" name="test_voucher_redeem_applies_cash_discount" time="0.335" /><testcase classname="tests.test_iter25_loyalty" name="test_zzz_cleanup" time="0.001" /><testcase classname="tests.test_iter27_loyalty" name="test_signup_bonus_and_voucher" time="0.565" /><testcase classname="tests.test_iter27_loyalty" name="test_referral_first_order_bonus" time="1.234" /><testcase classname="tests.test_iter27_loyalty" name="test_happy_hour_points_boost" time="0.731" /><testcase classname="tests.test_iter27_loyalty" name="test_visit_streak_bonus" time="1.027" /><testcase classname="tests.test_iter27_loyalty" name="test_feedback_voucher_and_dupe" time="0.417" /><testcase classname="tests.test_iter27_loyalty" name="test_birth_month_persists" time="0.204" /><testcase classname="tests.test_iter27_loyalty" name="test_social_share_award_and_dupe" time="0.538" /><testcase classname="tests.test_iter29_inventory.TestUnits" name="test_list_units_seeded" time="0.585" /><testcase classname="tests.test_iter29_inventory.TestUnits" name="test_create_and_delete_custom_unit" time="0.443" /><testcase classname="tests.test_iter29_inventory.TestUnits" name="test_duplicate_seed_ml_rejected" time="0.135" /><testcase classname="tests.test_iter29_inventory.TestItems" name="test_list_seeded_items" time="0.159" /><testcase classname="tests.test_iter29_inventory.TestItems" name="test_summary" time="0.139" /><testcase classname="tests.test_iter29_inventory.TestItems" name="test_item_create_update_delete" time="1.757" /><testcase classname="tests.test_iter29_inventory.TestAdjustments" name="test_restock_waste_stocktake_flow" time="0.717" /><testcase classname="tests.test_iter29_inventory.TestAdjustments" name="test_stocktake_requires_new_stock" time="0.305" /><testcase classname="tests.test_iter29_inventory.TestAdjustments" name="test_zero_qty_non_stocktake_rejected" time="0.271" /><testcase classname="tests.test_iter29_inventory.TestRecipes" name="test_list_seeded_recipes" time="0.178" /><testcase classname="tests.test_iter29_inventory.TestAutoDeduction" name="test_old_fashioned_deducts_bourbon_50ml" time="1.392" /><testcase classname="tests.test_iter29_inventory.TestAutoDeduction" name="test_double_variant_scales_2x" time="1.219" /><testcase classname="tests.test_iter29_inventory.TestRoleGating" name="test_server_cannot_create_unit" time="0.510" /><testcase classname="tests.test_iter29_inventory.TestRoleGating" name="test_server_cannot_create_item" time="0.275" /><testcase classname="tests.test_iter29_inventory.TestRoleGating" name="test_server_can_view_stock" time="0.176" /><testcase classname="tests.test_iter29_inventory.TestRoleGating" name="test_server_can_adjust_stock" time="0.308" /><testcase classname="tests.test_iter30_inventory_v2.TestAuto86" name="test_waste_out_angostura_86s_old_fashioned" time="1.862" /><testcase classname="tests.test_iter30_inventory_v2.TestAuto86" name="test_waste_negative_qty_also_subtracts" time="0.301" /><testcase classname="tests.test_iter30_inventory_v2.TestPurchaseOrders" name="test_create_receive_flow" time="1.399" /><testcase classname="tests.test_iter30_inventory_v2.TestPurchaseOrders" name="test_cancel_po" time="0.608" /><testcase classname="tests.test_iter30_inventory_v2.TestPurchaseOrders" name="test_empty_lines_rejected" time="0.150" /><testcase classname="tests.test_iter30_inventory_v2.TestStocktakeSession" name="test_full_flow" time="1.736" /><testcase classname="tests.test_iter30_inventory_v2.TestAnalytics" name="test_analytics_shape" time="0.143" /><testcase classname="tests.test_iter30_inventory_v2.TestKegInventoryBridge" name="test_draught_items_seeded" time="0.403" /><testcase classname="tests.test_iter30_inventory_v2.TestKegInventoryBridge" name="test_kegs_linked" time="0.153" /><testcase classname="tests.test_iter30_inventory_v2.TestKegInventoryBridge" name="test_pour_deducts_and_install_restocks" time="2.463" /><testcase classname="tests.test_iter30_inventory_v2.TestSignNormalisation" name="test_positive_waste_becomes_negative" time="0.295" /><testcase classname="tests.test_iter30_inventory_v2.TestSignNormalisation" name="test_negative_restock_becomes_positive" time="0.337" /><testcase classname="tests.test_iter8_fixes" name="test_login" time="0.380" /><testcase classname="tests.test_iter8_fixes" name="test_pay_422_invalid_method_returns_readable_detail" time="0.616" /><testcase classname="tests.test_iter8_fixes" name="test_kds_returns_product_id" time="0.547" /><testcase classname="tests.test_iter8_fixes" name="test_kds_86_flow_hides_from_public_menu" time="1.062" /><testcase classname="tests.test_iter9_reports" name="test_reports_summary_shape" time="0.446" /><testcase classname="tests.test_iter9_reports" name="test_pay_octopus_and_fps_qr" time="1.175" /><testcase classname="tests.test_iter9_reports" name="test_reports_revenue_matches_paid_totals" time="0.735" /><testcase classname="tests.test_iter9_reports" name="test_kds_has_product_id" time="0.508" /><testcase classname="tests.test_iteration2.TestHappyHourActive" name="test_active_returns_shape" time="0.550" /><testcase classname="tests.test_iteration2.TestHappyHourActive" name="test_only_matching_rules_returned" time="1.775" /><testcase classname="tests.test_iteration2.TestHappyHourActive" name="test_cross_midnight_rule" time="0.659" /><testcase classname="tests.test_iteration2.TestPatchEndpoints" name="test_patch_happy_hour" time="0.449" /><testcase classname="tests.test_iteration2.TestPatchEndpoints" name="test_patch_category" time="0.446" /><testcase classname="tests.test_iteration2.TestSplitPayment" name="test_split_insufficient_returns_400" time="0.475" /><testcase classname="tests.test_iteration2.TestSplitPayment" name="test_split_success" time="0.393" /><testcase classname="tests.test_iteration2.TestSplitPayment" name="test_split_overpay_change" time="0.446" /><testcase classname="tests.test_iteration3.TestKDS" name="test_kds_shows_fired_lines_and_station_filter" time="1.495" /><testcase classname="tests.test_iteration3.TestKDS" name="test_bump_out_of_range_returns_400" time="0.705" /><testcase classname="tests.test_iteration3.TestShifts" name="test_clock_in_idempotent" time="0.995" /><testcase classname="tests.test_iteration3.TestShifts" name="test_current_reflects_paid_order" time="1.430" /><testcase classname="tests.test_iteration3.TestShifts" name="test_shifts_list_role_scoping" time="0.811" /><testcase classname="tests.test_iteration3.TestReservations" name="test_reservation_lifecycle" time="1.226" /><testcase classname="tests.test_iteration3.TestReservations" name="test_cancel_reservation" time="0.644" /><testcase classname="tests.test_iteration3.TestReservations" name="test_reserve_occupied_returns_400" time="0.924" /><testcase classname="tests.test_iteration4.TestPublicMenu" name="test_public_menu_no_auth" time="0.616" /><testcase classname="tests.test_iteration4.TestPublicMenu" name="test_public_menu_404" time="0.138" /><testcase classname="tests.test_iteration4.TestPublicMenu" name="test_public_menu_bad_id" time="0.131" /><testcase classname="tests.test_iteration4.TestPinVerify" name="test_wrong_pin" time="0.151" /><testcase classname="tests.test_iteration4.TestPinVerify" name="test_valid_pin_wrong_role" time="0.143" /><testcase classname="tests.test_iteration4.TestPinVerify" name="test_manager_pin_ok" time="0.125" /><testcase classname="tests.test_iteration4.TestPinVerify" name="test_admin_pin_ok" time="0.182" /><testcase classname="tests.test_iteration4.TestWaitlist" name="test_full_flow" time="0.864" /><testcase classname="tests.test_iteration4.TestWaitlist" name="test_cancel_removes" time="0.570" /><testcase classname="tests.test_iteration4.TestCombos" name="test_crud_and_engine" time="1.772" /><testcase classname="tests.test_iteration5.TestComputeTotalsDefaults" name="test_empty_lines_zero_everything" time="0.636" /><testcase classname="tests.test_iteration5.TestComputeTotalsDefaults" name="test_discount_type_none_leaves_discount_zero" time="0.439" /><testcase classname="tests.test_iteration5.TestPayOrderWalletChange" name="test_pay_wallet_returns_change_zero" time="0.629" /><testcase classname="tests.test_iteration5.TestPayOrderWalletChange" name="test_pay_card_change_zero" time="0.581" /><testcase classname="tests.test_iteration5.TestPublicMenuTInit" name="test_public_menu_bad_oid_returns_404_not_500" time="0.149" /><testcase classname="tests.test_iteration5.TestPublicMenuTInit" name="test_public_menu_missing_oid_returns_404" time="0.148" /><testcase classname="tests.test_iteration5.TestPublicMenuTInit" name="test_public_menu_valid_table_returns_200" time="0.317" /><testcase classname="tests.test_iteration6.TestEightySix" name="test_toggle_on_then_off_and_public_menu_hides" time="1.458" /><testcase classname="tests.test_iteration6.TestMultiTierHH" name="test_two_concurrent_rules_both_active_pick_max_percent" time="1.015" /><testcase classname="tests.test_iteration6.TestHKPayments" name="test_pay_method[cash]" time="0.613" /><testcase classname="tests.test_iteration6.TestHKPayments" name="test_pay_method[card]" time="0.568" /><testcase classname="tests.test_iteration6.TestHKPayments" name="test_pay_method[octopus]" time="0.546" /><testcase classname="tests.test_iteration6.TestHKPayments" name="test_pay_method[fps_qr]" time="0.596" /><testcase classname="tests.test_iteration6.TestHKPayments" name="test_pay_method[alipayhk]" time="0.632" /><testcase classname="tests.test_iteration6.TestHKPayments" name="test_pay_method[wechatpay_hk]" time="0.540" /><testcase classname="tests.test_iteration6.TestHKPayments" name="test_pay_method[payme]" time="0.565" /><testcase classname="tests.test_iteration6.TestHKPayments" name="test_pay_method[unionpay]" time="0.643" /><testcase classname="tests.test_iteration6.TestHKPayments" name="test_pay_split_with_hk_methods" time="0.562" /></testsuite></testsuites>