<?xml version="1.0" encoding="utf-8"?><testsuites name="pytest tests"><testsuite name="pytest" errors="0" failures="0" skipped="0" tests="16" time="8.117" timestamp="2026-09-10T13:57:13.506523+00:00" hostname="agent-env-84971ef4-e5bc-4239-8bc7-32d1bd48f043"><testcase classname="tests.test_iter29_inventory.TestUnits" name="test_list_units_seeded" time="0.591" /><testcase classname="tests.test_iter29_inventory.TestUnits" name="test_create_and_delete_custom_unit" time="0.470" /><testcase classname="tests.test_iter29_inventory.TestUnits" name="test_duplicate_seed_ml_rejected" time="0.139" /><testcase classname="tests.test_iter29_inventory.TestItems" name="test_list_seeded_items" time="0.157" /><testcase classname="tests.test_iter29_inventory.TestItems" name="test_summary" time="0.152" /><testcase classname="tests.test_iter29_inventory.TestItems" name="test_item_create_update_delete" time="0.589" /><testcase classname="tests.test_iter29_inventory.TestAdjustments" name="test_restock_waste_stocktake_flow" time="0.855" /><testcase classname="tests.test_iter29_inventory.TestAdjustments" name="test_stocktake_requires_new_stock" time="0.416" /><testcase classname="tests.test_iter29_inventory.TestAdjustments" name="test_zero_qty_non_stocktake_rejected" time="0.311" /><testcase classname="tests.test_iter29_inventory.TestRecipes" name="test_list_seeded_recipes" time="0.153" /><testcase classname="tests.test_iter29_inventory.TestAutoDeduction" name="test_old_fashioned_deducts_bourbon_50ml" time="1.386" /><testcase classname="tests.test_iter29_inventory.TestAutoDeduction" name="test_double_variant_scales_2x" time="1.334" /><testcase classname="tests.test_iter29_inventory.TestRoleGating" name="test_server_cannot_create_unit" time="0.504" /><testcase classname="tests.test_iter29_inventory.TestRoleGating" name="test_server_cannot_create_item" time="0.286" /><testcase classname="tests.test_iter29_inventory.TestRoleGating" name="test_server_can_view_stock" time="0.149" /><testcase classname="tests.test_iter29_inventory.TestRoleGating" name="test_server_can_adjust_stock" time="0.573" /></testsuite></testsuites>